proguard/seeds.txt
com.bsb.hike.AndroidRTC.RTCActivity
com.bsb.hike.AndroidRTC.RTCActivity$1: void onClick(android.view.View)
com.bsb.hike.GCMIntentService
com.bsb.hike.GCMIntentService: GCMIntentService()
com.bsb.hike.HikeConstants$EmoticonType: com.bsb.hike.HikeConstants$EmoticonType[] values()
com.bsb.hike.HikeConstants$EmoticonType: com.bsb.hike.HikeConstants$EmoticonType valueOf(java.lang.String)
com.bsb.hike.HikeConstants$FTResult: com.bsb.hike.HikeConstants$FTResult[] values()
com.bsb.hike.HikeConstants$FTResult: com.bsb.hike.HikeConstants$FTResult valueOf(java.lang.String)
com.bsb.hike.HikeConstants$SMSSyncState: com.bsb.hike.HikeConstants$SMSSyncState[] values()
com.bsb.hike.HikeConstants$SMSSyncState: com.bsb.hike.HikeConstants$SMSSyncState valueOf(java.lang.String)
com.bsb.hike.HikeConstants$WelcomeTutorial: com.bsb.hike.HikeConstants$WelcomeTutorial[] values()
com.bsb.hike.HikeConstants$WelcomeTutorial: com.bsb.hike.HikeConstants$WelcomeTutorial valueOf(java.lang.String)
com.bsb.hike.HikeMessengerApp
com.bsb.hike.HikeMessengerApp: HikeMessengerApp()
com.bsb.hike.HikeMessengerApp$CurrentState: com.bsb.hike.HikeMessengerApp$CurrentState[] values()
com.bsb.hike.HikeMessengerApp$CurrentState: com.bsb.hike.HikeMessengerApp$CurrentState valueOf(java.lang.String)
com.bsb.hike.R$anim: int alpha_in
com.bsb.hike.R$anim: int alpha_out
com.bsb.hike.R$anim: int boxfall
com.bsb.hike.R$anim: int down_up_lower_part
com.bsb.hike.R$anim: int down_up_up_part
com.bsb.hike.R$anim: int fade_in_animation
com.bsb.hike.R$anim: int fade_out_animation
com.bsb.hike.R$anim: int no_animation
com.bsb.hike.R$anim: int scale_from_mid_bounce
com.bsb.hike.R$anim: int scale_in
com.bsb.hike.R$anim: int shake
com.bsb.hike.R$anim: int slide_down_noalpha
com.bsb.hike.R$anim: int slide_in_from_left
com.bsb.hike.R$anim: int slide_in_left_noalpha
com.bsb.hike.R$anim: int slide_in_right
com.bsb.hike.R$anim: int slide_in_right_noalpha
com.bsb.hike.R$anim: int slide_out_left
com.bsb.hike.R$anim: int slide_out_left_noalpha
com.bsb.hike.R$anim: int slide_out_right_noalpha
com.bsb.hike.R$anim: int slide_up_last_seen
com.bsb.hike.R$anim: int slide_up_noalpha
com.bsb.hike.R$anim: int up_down_fade_in
com.bsb.hike.R$anim: int up_down_lower_part
com.bsb.hike.R$anim: int valetines_nudge_anim
com.bsb.hike.R$anim: int welcome_alpha_in
com.bsb.hike.R$anim: int welcome_alpha_out
com.bsb.hike.R$array: int bottom_half_drawer_text
com.bsb.hike.R$array: int chat_thread_empty_state_tutorial_text
com.bsb.hike.R$array: int country_iso_and_codes
com.bsb.hike.R$array: int country_names_and_codes
com.bsb.hike.R$array: int default_smiley_texts
com.bsb.hike.R$array: int family_array_exact_name
com.bsb.hike.R$array: int family_keyword_like
com.bsb.hike.R$array: int file_transfer_items
com.bsb.hike.R$array: int file_transfer_items_no_loc
com.bsb.hike.R$array: int mood_headings
com.bsb.hike.R$array: int notificationSoundPrefKeys
com.bsb.hike.R$array: int notificationSoundPrefValues
com.bsb.hike.R$array: int profile_pic_dialog
com.bsb.hike.R$array: int top_half_drawer_text
com.bsb.hike.R$array: int vibratePrefKeys
com.bsb.hike.R$array: int vibratePrefValues
...
android.support.v4.app.FragmentTabHost$DummyTabFactory
android.support.v4.app.FragmentTabHost$DummyTabFactory: android.content.Context mContext
android.support.v4.app.FragmentTabHost$DummyTabFactory: FragmentTabHost$DummyTabFactory(android.content.Context)
android.support.v4.app.FragmentTabHost$DummyTabFactory: android.view.View createTabContent(java.lang.String)
android.support.v4.app.FragmentTabHost$SavedState
android.support.v4.app.FragmentTabHost$SavedState: java.lang.String curTab
android.support.v4.app.FragmentTabHost$SavedState: android.os.Parcelable$Creator CREATOR
android.support.v4.app.FragmentTabHost$SavedState: FragmentTabHost$SavedState(android.os.Parcelable)
android.support.v4.app.FragmentTabHost$SavedState: FragmentTabHost$SavedState(android.os.Parcel)
android.support.v4.app.FragmentTabHost$SavedState: void writeToParcel(android.os.Parcel,int)
android.support.v4.app.FragmentTabHost$SavedState: java.lang.String toString()
android.support.v4.app.FragmentTabHost$SavedState: FragmentTabHost$SavedState(android.os.Parcel,android.support.v4.app.FragmentTabHost$1)
android.support.v4.app.FragmentTabHost$SavedState: void <clinit>()
android.support.v4.app.FragmentTabHost$SavedState$1
android.support.v4.app.FragmentTabHost$SavedState$1: FragmentTabHost$SavedState$1()
android.support.v4.app.FragmentTabHost$SavedState$1: android.support.v4.app.FragmentTabHost$SavedState createFromParcel(android.os.Parcel)
android.support.v4.app.FragmentTabHost$SavedState$1: android.support.v4.app.FragmentTabHost$SavedState[] newArray(int)
android.support.v4.app.FragmentTabHost$SavedState$1: java.lang.Object[] newArray(int)
android.support.v4.app.FragmentTabHost$SavedState$1: java.lang.Object createFromParcel(android.os.Parcel)
android.support.v4.app.FragmentTabHost$TabInfo
android.support.v4.app.FragmentTabHost$TabInfo: java.lang.String tag
android.support.v4.app.FragmentTabHost$TabInfo: java.lang.Class clss
android.support.v4.app.FragmentTabHost$TabInfo: android.os.Bundle args
android.support.v4.app.FragmentTabHost$TabInfo: android.support.v4.app.Fragment fragment
android.support.v4.app.FragmentTabHost$TabInfo: FragmentTabHost$TabInfo(java.lang.String,java.lang.Class,android.os.Bundle)
android.support.v4.app.FragmentTabHost$TabInfo: android.support.v4.app.Fragment access$102(android.support.v4.app.FragmentTabHost$TabInfo,android.support.v4.app.Fragment)
android.support.v4.app.FragmentTabHost$TabInfo: android.support.v4.app.Fragment access$100(android.support.v4.app.FragmentTabHost$TabInfo)
android.support.v4.app.FragmentTabHost$TabInfo: java.lang.String access$200(android.support.v4.app.FragmentTabHost$TabInfo)
android.support.v4.app.FragmentTabHost$TabInfo: java.lang.Class access$300(android.support.v4.app.FragmentTabHost$TabInfo)
android.support.v4.app.FragmentTabHost$TabInfo: android.os.Bundle access$400(android.support.v4.app.FragmentTabHost$TabInfo)