proguard/mapping.txt
com.bsb.hike.AndroidRTC.RTCActivity -> com.bsb.hike.AndroidRTC.RTCActivity:
    com.bsb.hike.AndroidRTC.WebRtcClient client -> c
    java.lang.String mSocketAddress -> d
    java.lang.String callerId -> e
    int minbuf -> f
    android.media.AudioTrack aud1 -> g
    java.lang.String manufacturer -> a
    android.content.Context mContext -> h
    android.widget.Button b1 -> i
    org.webrtc.MediaStream medi -> b
    50:87:void onCreate(android.os.Bundle) -> onCreate
    91:93:void onConfigurationChanged(android.content.res.Configuration) -> onConfigurationChanged
    97:99:void onPause() -> onPause
    103:105:void onResume() -> onResume
    110:119:void onCallReady(java.lang.String) -> a
    124:127:void answer(java.lang.String) -> b
    130:146:void call(java.lang.String) -> c
    150:157:void onActivityResult(int,int,android.content.Intent) -> onActivityResult
    161:178:void startCam() -> a
    182:188:void onStatusChanged(java.lang.String) -> d
    193:198:void onLocalStream(org.webrtc.MediaStream) -> a
    205:210:void onAddRemoteStream(org.webrtc.MediaStream,int) -> a
    215:219:void onRemoveRemoteStream(org.webrtc.MediaStream,int) -> b
    38:38:com.bsb.hike.AndroidRTC.WebRtcClient access$0(com.bsb.hike.AndroidRTC.RTCActivity) -> a
    42:42:android.media.AudioTrack access$1(com.bsb.hike.AndroidRTC.RTCActivity) -> b
com.bsb.hike.AndroidRTC.RTCActivity$1 -> com.bsb.hike.AndroidRTC.a:
    com.bsb.hike.AndroidRTC.RTCActivity this$0 -> a
    167:172:void onClick(android.view.View) -> onClick
com.bsb.hike.AndroidRTC.RTCActivity$2 -> com.bsb.hike.AndroidRTC.b:
    com.bsb.hike.AndroidRTC.RTCActivity this$0 -> a
    java.lang.String val$newStatus -> b
    185:186:void run() -> run
com.bsb.hike.AndroidRTC.WebRtcClient -> com.bsb.hike.AndroidRTC.c:
    boolean[] endPoints -> a
    org.webrtc.PeerConnectionFactory factory -> b
    java.util.HashMap peers -> c
    java.util.LinkedList iceServers -> d
    org.webrtc.MediaConstraints pcConstraints -> e
    org.webrtc.MediaStream lMS -> f
    com.bsb.hike.AndroidRTC.WebRtcClient$RTCListener mListener -> g
    com.koushikdutta.async.http.socketio.SocketIOClient client -> h
    com.bsb.hike.AndroidRTC.WebRtcClient$MessageHandler messageHandler -> i
    java.lang.String TAG -> j
    java.lang.String storedId -> k
    121:128:void sendMessage(java.lang.String,java.lang.String,org.json.JSONObject) -> a
    389:394:void setCamera(java.lang.String,java.lang.String,java.lang.String) -> a
    397:401:int findEndPoint() -> b
    411:411:void start(java.lang.String,boolean) -> a
    435:439:void addPeer(java.lang.String,int) -> a
    442:451:void removePeer(java.lang.String) -> a
    454:455:void destroyPeer() -> a
    41:41:java.util.HashMap access$0(com.bsb.hike.AndroidRTC.WebRtcClient) -> a
    43:43:org.webrtc.MediaConstraints access$1(com.bsb.hike.AndroidRTC.WebRtcClient) -> b
    45:45:com.bsb.hike.AndroidRTC.WebRtcClient$RTCListener access$2(com.bsb.hike.AndroidRTC.WebRtcClient) -> c
    396:396:int access$3(com.bsb.hike.AndroidRTC.WebRtcClient) -> d
    49:49:void access$4(com.bsb.hike.AndroidRTC.WebRtcClient,java.lang.String) -> a
com.bsb.hike.AndroidRTC.WebRtcClient$1 -> com.bsb.hike.AndroidRTC.d:
    com.bsb.hike.AndroidRTC.WebRtcClient this$0 -> a
    349:360:void onConnectCompleted(java.lang.Exception,com.koushikdutta.async.http.socketio.SocketIOClient) -> a
com.bsb.hike.AndroidRTC.WebRtcClient$AddIceCandidateCommand -> com.bsb.hike.AndroidRTC.e:
    com.bsb.hike.AndroidRTC.WebRtcClient this$0 -> a
    106:116:void execute(java.lang.String,org.json.JSONObject) -> a
com.bsb.hike.AndroidRTC.WebRtcClient$Command -> com.bsb.hike.AndroidRTC.f:
    void execute(java.lang.String,org.json.JSONObject) -> a
com.bsb.hike.AndroidRTC.WebRtcClient$CreateAnswerCommand -> com.bsb.hike.AndroidRTC.g:
    com.bsb.hike.AndroidRTC.WebRtcClient this$0 -> a
    80:87:void execute(java.lang.String,org.json.JSONObject) -> a
...
org.apache.http.conn.ClientConnectionManager -> org.apache.http.conn.ClientConnectionManager:
    org.apache.http.conn.scheme.SchemeRegistry getSchemeRegistry() -> getSchemeRegistry
    org.apache.http.conn.ClientConnectionRequest requestConnection(org.apache.http.conn.routing.HttpRoute,java.lang.Object) -> requestConnection
    void releaseConnection(org.apache.http.conn.ManagedClientConnection,long,java.util.concurrent.TimeUnit) -> releaseConnection
    void closeIdleConnections(long,java.util.concurrent.TimeUnit) -> closeIdleConnections
    void closeExpiredConnections() -> closeExpiredConnections
    void shutdown() -> shutdown
org.apache.http.conn.ClientConnectionManagerFactory -> org.apache.http.conn.ClientConnectionManagerFactory:
    org.apache.http.conn.ClientConnectionManager newInstance(org.apache.http.params.HttpParams,org.apache.http.conn.scheme.SchemeRegistry) -> newInstance
org.apache.http.conn.ClientConnectionOperator -> org.apache.http.conn.ClientConnectionOperator:
    org.apache.http.conn.OperatedClientConnection createConnection() -> createConnection
    void openConnection(org.apache.http.conn.OperatedClientConnection,org.apache.http.HttpHost,java.net.InetAddress,org.apache.http.protocol.HttpContext,org.apache.http.params.HttpParams) -> openConnection
    void updateSecureConnection(org.apache.http.conn.OperatedClientConnection,org.apache.http.HttpHost,org.apache.http.protocol.HttpContext,org.apache.http.params.HttpParams) -> updateSecureConnection
org.apache.http.conn.ClientConnectionRequest -> org.apache.http.conn.ClientConnectionRequest:
    org.apache.http.conn.ManagedClientConnection getConnection(long,java.util.concurrent.TimeUnit) -> getConnection
    void abortRequest() -> abortRequest
org.apache.http.conn.ConnectTimeoutException -> org.apache.http.conn.ConnectTimeoutException:
    long serialVersionUID -> serialVersionUID
    org.apache.http.HttpHost host -> host
    91:91:org.apache.http.HttpHost getHost() -> getHost
org.apache.http.conn.ConnectionKeepAliveStrategy -> org.apache.http.conn.ConnectionKeepAliveStrategy:
    long getKeepAliveDuration(org.apache.http.HttpResponse,org.apache.http.protocol.HttpContext) -> getKeepAliveDuration
org.apache.http.conn.ConnectionPoolTimeoutException -> org.apache.http.conn.ConnectionPoolTimeoutException:
    long serialVersionUID -> serialVersionUID
org.apache.http.conn.ConnectionReleaseTrigger -> org.apache.http.conn.ConnectionReleaseTrigger:
    void releaseConnection() -> releaseConnection
    void abortConnection() -> abortConnection
org.apache.http.conn.ConnectionRequest -> org.apache.http.conn.ConnectionRequest:
    org.apache.http.HttpClientConnection get(long,java.util.concurrent.TimeUnit) -> get
org.apache.http.conn.DnsResolver -> org.apache.http.conn.DnsResolver:
    java.net.InetAddress[] resolve(java.lang.String) -> resolve
org.apache.http.conn.EofSensorInputStream -> org.apache.http.conn.EofSensorInputStream:
    java.io.InputStream wrappedStream -> wrappedStream
    boolean selfClosed -> selfClosed
    org.apache.http.conn.EofSensorWatcher eofWatcher -> eofWatcher
    91:91:boolean isSelfClosed() -> isSelfClosed
    95:95:java.io.InputStream getWrappedStream() -> getWrappedStream
    108:111:boolean isReadAllowed() -> isReadAllowed
    116:128:int read() -> read
    133:145:int read(byte[],int,int) -> read
    150:150:int read(byte[]) -> read
    155:167:int available() -> available
    173:175:void close() -> close
    195:208:void checkEOF(int) -> checkEOF
    223:236:void checkClose() -> checkClose
    253:266:void checkAbort() -> checkAbort
    272:273:void releaseConnection() -> releaseConnection
    284:286:void abortConnection() -> abortConnection
org.apache.http.conn.EofSensorWatcher -> org.apache.http.conn.EofSensorWatcher:
    boolean eofDetected(java.io.InputStream) -> eofDetected
    boolean streamClosed(java.io.InputStream) -> streamClosed
    boolean streamAbort(java.io.InputStream) -> streamAbort