proguard/usage.txt
com.bsb.hike.AndroidRTC.RTCActivity:
    private static final int VIDEO_CALL_SENT
    private android.media.AudioManager am1
com.bsb.hike.AndroidRTC.WebRtcClient:
    private static final int MAX_PEER
    418:431:private org.webrtc.VideoCapturer getVideoCapturer(java.lang.String)
com.bsb.hike.AndroidRTC.WebRtcClient$Peer:
    255:255:public org.webrtc.SessionDescription getSDP()
    338:338:public void onRenegotiationNeeded()
com.bsb.hike.BitmapModule.BitmapUtils:
    15:15:public BitmapUtils()
    19:19:public static boolean isThumbnailSquare(android.graphics.Bitmap)
com.bsb.hike.BitmapModule.HikeBitmapFactory:
    private static final java.lang.String TAG
    31:31:public HikeBitmapFactory()
    101:116:public static android.graphics.Bitmap makeSquareThumbnail(android.graphics.Bitmap)
    121:122:public static android.graphics.Bitmap stringToBitmap(java.lang.String)
    193:193:public static android.graphics.drawable.Drawable getDefaultIconForUser(android.content.Context,java.lang.String)
    198:198:public static android.graphics.drawable.Drawable getDefaultIconForUser(android.content.Context,java.lang.String,boolean)
    264:264:public static android.graphics.Bitmap decodeSampledBitmapFromResource(android.content.res.Resources,int,int,int)
    270:301:public static android.graphics.Bitmap decodeSampledBitmapFromResource(android.content.res.Resources,int,int,int,android.graphics.Bitmap$Config)
    319:319:public static android.graphics.Bitmap decodeSampledBitmapFromFile(java.lang.String,int,int)
    486:502:public static android.graphics.Bitmap decodeBitmapFromResource(android.content.res.Resources,int,android.graphics.Bitmap$Config)
    510:523:private static void addInBitmapOptions(android.graphics.BitmapFactory$Options)
    633:664:private static android.graphics.Bitmap createBitmap(android.graphics.Bitmap,int,int,int,int)
com.bsb.hike.BitmapModule.RecyclingBitmapDrawable:
    static final java.lang.String LOG_TAG
    124:125:public synchronized boolean isBitmapMutable()
    130:145:public int size()
com.bsb.hike.BuildConfig
com.bsb.hike.GCMIntentService:
    public static final java.lang.String DEV_TYPE
    public static final java.lang.String DEV_TOKEN
com.bsb.hike.HikeConstants:
    public static final java.lang.String APP_PUSH_ID
    public static final java.lang.String APP_FACEBOOK_ID
    public static final java.lang.String APP_TWITTER_ID
    public static final java.lang.String APP_TWITTER_SECRET
    public static final java.lang.String MAP_API_KEY_DEBUG
    public static final java.lang.String MAP_API_KEY_PROD
    public static final java.lang.String MA_TRACKER_AD_ID
    public static final java.lang.String MA_TRACKER_KEY
    public static final java.lang.String MA_TRACKER_USERID
    public static final java.lang.String MA_TRACKER_REF_ID_PREFIX
    public static final java.lang.String MA_SITE_ID
    public static final java.lang.String ANDROID
    public static final java.lang.String MESSAGE
    public static final java.lang.String UI_TOPIC
    public static final java.lang.String APP_TOPIC
    public static final java.lang.String SERVICE_TOPIC
    public static final java.lang.String PUBLISH_TOPIC
    public static final java.lang.String TYPE
    public static final java.lang.String DATA
    public static final java.lang.String TO
    public static final java.lang.String VOIP_PAYLOAD
    public static final java.lang.String FROM
    public static final java.lang.String SUB_TYPE
    public static final java.lang.String HIKE_MESSAGE
    public static final java.lang.String SMS_MESSAGE
    public static final java.lang.String PIN_MESSAGE
    public static final java.lang.String TIMESTAMP
com.bsb.hike.HikeConstants$Extras
com.bsb.hike.HikeConstants$HASH_MESSAGE_TYPE
com.bsb.hike.HikeConstants$ImageQuality
com.bsb.hike.HikeConstants$LogEvent
com.bsb.hike.HikeConstants$MESSAGE_TYPE
com.bsb.hike.HikeConstants$MqttMessageTypes
com.bsb.hike.HikeConstants$ResultCodes
...
com.google.android.gms.wallet.FullWalletRequest$Builder
com.google.android.gms.wallet.LineItem:
    public static com.google.android.gms.wallet.LineItem$Builder newBuilder()
    public java.lang.String getDescription()
    public java.lang.String getQuantity()
    public java.lang.String getUnitPrice()
    public java.lang.String getTotalPrice()
    public int getRole()
    public java.lang.String getCurrencyCode()
com.google.android.gms.wallet.LineItem$1
com.google.android.gms.wallet.LineItem$Builder
com.google.android.gms.wallet.LineItem$Role
com.google.android.gms.wallet.LoyaltyWalletObject:
    public java.lang.String getId()
    public java.lang.String getAccountId()
    public java.lang.String getIssuerName()
    public java.lang.String getProgramName()
    public java.lang.String getAccountName()
com.google.android.gms.wallet.MaskedWallet:
    public java.lang.String getGoogleTransactionId()
    public java.lang.String getMerchantTransactionId()
    public java.lang.String[] getPaymentDescriptions()
    public java.lang.String getEmail()
    public com.google.android.gms.wallet.Address getBillingAddress()
    public com.google.android.gms.wallet.Address getShippingAddress()
    public com.google.android.gms.wallet.LoyaltyWalletObject[] getLoyaltyWalletObjects()
    public com.google.android.gms.wallet.OfferWalletObject[] getOfferWalletObjects()
com.google.android.gms.wallet.MaskedWalletRequest:
    public static com.google.android.gms.wallet.MaskedWalletRequest$Builder newBuilder()
    public java.lang.String getMerchantTransactionId()
    public boolean isPhoneNumberRequired()
    public boolean isShippingAddressRequired()
    public boolean useMinimalBillingAddress()
    public java.lang.String getEstimatedTotalPrice()
    public java.lang.String getCurrencyCode()
    public java.lang.String getMerchantName()
    public com.google.android.gms.wallet.Cart getCart()
    public boolean shouldRetrieveWalletObjects()
    public boolean isBillingAgreement()
com.google.android.gms.wallet.MaskedWalletRequest$1
com.google.android.gms.wallet.MaskedWalletRequest$Builder
com.google.android.gms.wallet.NotifyTransactionStatusRequest:
    public static com.google.android.gms.wallet.NotifyTransactionStatusRequest$Builder newBuilder()
    public int getVersionCode()
    public java.lang.String getGoogleTransactionId()
    public int getStatus()
    public java.lang.String getDetailedReason()
com.google.android.gms.wallet.NotifyTransactionStatusRequest$1
com.google.android.gms.wallet.NotifyTransactionStatusRequest$Builder
com.google.android.gms.wallet.NotifyTransactionStatusRequest$Status
com.google.android.gms.wallet.NotifyTransactionStatusRequest$Status$Error
com.google.android.gms.wallet.OfferWalletObject:
    public java.lang.String getId()
    public java.lang.String getRedemptionCode()
com.google.android.gms.wallet.ProxyCard:
    public ProxyCard(java.lang.String,java.lang.String,int,int)
    public java.lang.String getPan()
    public java.lang.String getCvn()
    public int getExpirationMonth()
    public int getExpirationYear()
com.google.android.gms.wallet.WalletClient
com.google.android.gms.wallet.WalletConstants
com.haibison.android.lockpattern.LockPatternActivity:
    public static final int RESULT_FAILED
    public static final int RESULT_FORGOT_PATTERN
    private static final long DELAY_TIME_TO_RELOAD_LOCK_PATTERN_VIEW
com.haibison.android.lockpattern.collect.Lists:
    26:26:public Lists()
    65:68:public static varargs java.util.ArrayList newArrayList(java.lang.Object[])
com.haibison.android.lockpattern.util.InvalidEncrypterException:
    private static final long serialVersionUID
com.haibison.android.lockpattern.util.LoadingDialog:
    private java.lang.Throwable mLastException
    187:188:public com.haibison.android.lockpattern.util.LoadingDialog setDelayTime(int)
    199:200:protected void setLastException(java.lang.Throwable)
    208:208:protected java.lang.Throwable getLastException()